<?xml version="1.0" encoding="UTF-8"?>
<testsuite xmlns:xsi="http://www.w3.org/2001/XMLSchema-instance" xsi:schemaLocation="https://maven.apache.org/surefire/maven-surefire-plugin/xsd/surefire-test-report.xsd" name="TestSuite" time="32.806" tests="2" errors="0" skipped="0" failures="1">
  <properties>
    <property name="PROCESSOR_ARCHITECTURE" value="AMD64"/>
    <property name="file.encoding.pkg" value="sun.io"/>
    <property name="LOGONSERVER" value="\\CICI"/>
    <property name="ProgramData" value="C:\ProgramData"/>
    <property name="java.home" value="F:\Java\jdk1.8.0_161\jre"/>
    <property name="ZOOKEEPER_HOME" value="F:\Program Files\apache-zookeeper-3.5.7\conf"/>
    <property name="NODE_NAME" value="master"/>
    <property name="JENKINS_URL" value="http://localhost:8080/"/>
    <property name="CATALINA_HOME" value="F:\Tomcat\apache-tomcat-7.0.0"/>
    <property name="ALLUSERSPROFILE" value="C:\ProgramData"/>
    <property name="java.endorsed.dirs" value="F:\Java\jdk1.8.0_161\jre\lib\endorsed"/>
    <property name="PSModulePath" value="C:\Windows\system32\WindowsPowerShell\v1.0\Modules\"/>
    <property name="=::" value="::\"/>
    <property name="USERDOMAIN" value="ACCENTRIX"/>
    <property name="sun.os.patch.level" value="Service Pack 1"/>
    <property name="java.vendor.url" value="http://java.oracle.com/"/>
    <property name="CommonProgramFiles(x86)" value="C:\Program Files (x86)\Common Files"/>
    <property name="java.version" value="1.8.0_161"/>
    <property name="JOB_NAME" value="SeleniumOcean"/>
    <property name="=F:" value="F:\"/>
    <property name="COMPUTERNAME" value="BEA"/>
    <property name="windows_tracing_logfile" value="C:\BVTBin\Tests\installpackage\csilogfile.log"/>
    <property name="java.vendor.url.bug" value="http://bugreport.sun.com/bugreport/"/>
    <property name="PUBLIC" value="C:\Users\Public"/>
    <property name="user.name" value="bea.wu"/>
    <property name="sun.io.unicode.encoding" value="UnicodeLittle"/>
    <property name="sun.jnu.encoding" value="GBK"/>
    <property name="java.runtime.name" value="Java(TM) SE Runtime Environment"/>
    <property name="windir" value="C:\Windows"/>
    <property name="PROCESSOR_IDENTIFIER" value="Intel64 Family 6 Model 158 Stepping 9, GenuineIntel"/>
    <property name="java.specification.name" value="Java Platform API Specification"/>
    <property name="LOCALAPPDATA" value="C:\Users\bea.wu\AppData\Local"/>
    <property name="RUN_CHANGES_DISPLAY_URL" value="http://localhost:8080/job/SeleniumOcean/14/display/redirect?page=changes"/>
    <property name="user.timezone" value="Asia/Shanghai"/>
    <property name="user.script" value=""/>
    <property name="path.separator" value=";"/>
    <property name="NUMBER_OF_PROCESSORS" value="4"/>
    <property name="BUILD_TAG" value="jenkins-SeleniumOcean-14"/>
    <property name="windows_tracing_flags" value="3"/>
    <property name="file.encoding" value="UTF8"/>
    <property name="sun.java.command" value="jenkins.maven3.agent.Maven35Main F:\Maven\apache-maven-3.6.1 C:\Users\bea.wu\.jenkins\war\WEB-INF\lib\remoting-4.7.jar C:\Users\bea.wu\.jenkins\plugins\maven-plugin\WEB-INF\lib\maven35-interceptor-1.13.jar C:\Users\bea.wu\.jenkins\plugins\maven-plugin\WEB-INF\lib\maven3-interceptor-commons-1.13.jar 54626"/>
    <property name="HUDSON_URL" value="http://localhost:8080/"/>
    <property name="JENKINS_SERVER_COOKIE" value="f323842229dccf85"/>
    <property name="EXECUTOR_NUMBER" value="1"/>
    <property name="Path" value="F:\Java\jdk1.8.0_161/bin;C:\Program Files\VanDyke Software\Clients\;F:\Java\jdk1.8.0_161\bin;F:\Java\jdk1.8.0_161\jre\bin;C:\Windows\system32;C:\Windows;C:\Windows\System32\Wbem;C:\Windows\System32\WindowsPowerShell\v1.0\;F:\Tomcat\apache-tomcat-7.0.0\bin;F:\Maven\apache-maven-3.6.1\bin;C:\Program Files\TortoiseSVN\bin;C:\Program Files\Git\cmd;C:\Program Files\TortoiseGit\bin;F:\Program Files\apache-zookeeper-3.5.7\conf\bin;F:\Program Files\nodejs\;D:\Python\Python36;F:\Program Files (x86)\Micro Focus\Unified Functional Testing\bin;D:\Python\Python36\Scripts\;D:\Python\Python36\"/>
    <property name="java.io.tmpdir" value="C:\Users\BEA~1.WUA\"/>
    <property name="APPDATA" value="C:\Users\bea.wu\AppData\Roaming"/>
    <property name="user.language" value="zh"/>
    <property name="line.separator" value="&#10;"/>
    <property name="BUILD_URL" value="http://localhost:8080/job/SeleniumOcean/14/"/>
    <property name="M2_HOME" value="F:\Maven\apache-maven-3.6.1"/>
    <property name="=C:" value="C:\Users\bea.wu"/>
    <property name="java.vm.info" value="mixed mode"/>
    <property name="sun.desktop" value="windows"/>
    <property name="java.vm.specification.name" value="Java Virtual Machine Specification"/>
    <property name="CI" value="true"/>
    <property name="BUILD_DISPLAY_NAME" value="#14"/>
    <property name="OS" value="Windows_NT"/>
    <property name="guice.disable.misplaced.annotation.check" value="true"/>
    <property name="CATALINA_BASE" value="F:\Tomcat\apache-tomcat-7.0.0"/>
    <property name="HUDSON_SERVER_COOKIE" value="f323842229dccf85"/>
    <property name="WORKSPACE_TMP" value="C:\Users\bea.wu\.jenkins\workspace\SeleniumOcean@tmp"/>
    <property name="MAVEN_HOME" value="F:\Maven\apache-maven-3.6.1"/>
    <property name="SESSIONNAME" value="Console"/>
    <property name="PATHEXT" value=".COM;.EXE;.BAT;.CMD;.VBS;.VBE;.JS;.JSE;.WSF;.WSH;.MSC"/>
    <property name="java.awt.printerjob" value="sun.awt.windows.WPrinterJob"/>
    <property name="maven3.interceptor.common" value="C:\Users\bea.wu\.jenkins\plugins\maven-plugin\WEB-INF\lib\maven3-interceptor-commons-1.13.jar"/>
    <property name="CLASSPATH" value=""/>
    <property name="ST_INSTALL_PATH" value="F:\Program Files (x86)\Micro Focus\Unified Functional Testing\"/>
    <property name="PyCharm Community Edition" value="F:\Program Files\JetBrains\PyCharm Community Edition 2020.2.3\bin;"/>
    <property name="HOMEPATH" value="\Users\bea.wu"/>
    <property name="os.name" value="Windows 7"/>
    <property name="java.specification.vendor" value="Oracle Corporation"/>
    <property name="FP_NO_HOST_CHECK" value="NO"/>
    <property name="java.vm.name" value="Java HotSpot(TM) 64-Bit Server VM"/>
    <property name="BUILD_NUMBER" value="14"/>
    <property name="maven3.interceptor" value="C:\Users\bea.wu\.jenkins\plugins\maven-plugin\WEB-INF\lib\maven35-interceptor-1.13.jar"/>
    <property name="java.library.path" value="F:\Java\jdk1.8.0_161\bin;C:\Windows\Sun\Java\bin;C:\Windows\system32;C:\Windows;F:\Maven\apache-maven-3.6.1/bin;F:\Java\jdk1.8.0_161/bin;F:\Java\jdk1.8.0_161/bin;C:\Program Files\VanDyke Software\Clients\;F:\Java\jdk1.8.0_161\bin;F:\Java\jdk1.8.0_161\jre\bin;C:\Windows\system32;C:\Windows;C:\Windows\System32\Wbem;C:\Windows\System32\WindowsPowerShell\v1.0\;F:\Tomcat\apache-tomcat-7.0.0\bin;F:\Maven\apache-maven-3.6.1\bin;C:\Program Files\TortoiseSVN\bin;C:\Program Files\Git\cmd;C:\Program Files\TortoiseGit\bin;F:\Program Files\apache-zookeeper-3.5.7\conf\bin;F:\Program Files\nodejs\;D:\Python\Python36;F:\Program Files (x86)\Micro Focus\Unified Functional Testing\bin;D:\Python\Python36\Scripts\;D:\Python\Python36\;."/>
    <property name="HOMEDRIVE" value="C:"/>
    <property name="POM_GROUPID" value="com.javaselenium"/>
    <property name="POM_ARTIFACTID" value="oceanproject"/>
    <property name="java.class.version" value="52.0"/>
    <property name="JOB_URL" value="http://localhost:8080/job/SeleniumOcean/"/>
    <property name="RUN_DISPLAY_URL" value="http://localhost:8080/job/SeleniumOcean/14/display/redirect"/>
    <property name="JENKINS_HOME" value="C:\Users\bea.wu\.jenkins"/>
    <property name="BUILD_ID" value="14"/>
    <property name="TEMP" value="C:\Users\bea.wu\AppData\Local\Temp"/>
    <property name="sun.boot.library.path" value="F:\Java\jdk1.8.0_161\jre\bin"/>
    <property name="sun.management.compiler" value="HotSpot 64-Bit Tiered Compilers"/>
    <property name="java.awt.graphicsenv" value="sun.awt.Win32GraphicsEnvironment"/>
    <property name="user.variant" value=""/>
    <property name="PROCESSOR_REVISION" value="9e09"/>
    <property name="POM_VERSION" value="1.0-SNAPSHOT"/>
    <property name="HUDSON_HOME" value="C:\Users\bea.wu\.jenkins"/>
    <property name="ProgramFiles(x86)" value="C:\Program Files (x86)"/>
    <property name="PATH+MAVEN" value="F:\Maven\apache-maven-3.6.1/bin"/>
    <property name="RUN_ARTIFACTS_DISPLAY_URL" value="http://localhost:8080/job/SeleniumOcean/14/display/redirect?page=artifacts"/>
    <property name="PROMPT" value="$P$G"/>
    <property name="java.vm.specification.version" value="1.8"/>
    <property name="JAVA_HOME" value="F:\Java\jdk1.8.0_161"/>
    <property name="awt.toolkit" value="sun.awt.windows.WToolkit"/>
    <property name="NODE_LABELS" value="master"/>
    <property name="sun.cpu.isalist" value="amd64"/>
    <property name="USERPROFILE" value="C:\Users\bea.wu"/>
    <property name="JOB_DISPLAY_URL" value="http://localhost:8080/job/SeleniumOcean/display/redirect"/>
    <property name="java.ext.dirs" value="F:\Java\jdk1.8.0_161\jre\lib\ext;C:\Windows\Sun\Java\lib\ext"/>
    <property name="os.version" value="6.1"/>
    <property name="user.home" value="C:\Users\bea.wu"/>
    <property name="USERNAME" value="bea.wu"/>
    <property name="java.vm.vendor" value="Oracle Corporation"/>
    <property name="PROCESSOR_LEVEL" value="6"/>
    <property name="USERDNSDOMAIN" value="ACCENTRIX.COM"/>
    <property name="CommonProgramW6432" value="C:\Program Files\Common Files"/>
    <property name="user.dir" value="D:\EMBIGSAN\ocean\oceanproject"/>
    <property name="maven.conf" value="F:\Maven\apache-maven-3.6.1\conf"/>
    <property name="ProgramW6432" value="C:\Program Files"/>
    <property name="TMP" value="C:\Users\BEA~1.WUA"/>
    <property name="sun.cpu.endian" value="little"/>
    <property name="SystemDrive" value="C:"/>
    <property name="java.vm.version" value="25.161-b12"/>
    <property name="java.class.path" value="C:\Users\bea.wu\.jenkins\plugins\maven-plugin\WEB-INF\lib\maven35-agent-1.13.jar;F:\Maven\apache-maven-3.6.1\boot\plexus-classworlds-2.6.0.jar;F:\Maven\apache-maven-3.6.1/conf/logging"/>
    <property name="org.slf4j.simpleLogger.defaultLogLevel" value="info"/>
    <property name="JAVA_TOOL_OPTIONS" value="-Dfile.encoding=UTF8"/>
    <property name="os.arch" value="amd64"/>
    <property name="WORKSPACE" value="C:\Users\bea.wu\.jenkins\workspace\SeleniumOcean"/>
    <property name="ComSpec" value="C:\Windows\system32\cmd.exe"/>
    <property name="RUN_TESTS_DISPLAY_URL" value="http://localhost:8080/job/SeleniumOcean/14/display/redirect?page=tests"/>
    <property name="sun.java.launcher" value="SUN_STANDARD"/>
    <property name="SystemRoot" value="C:\Windows"/>
    <property name="CommonProgramFiles" value="C:\Program Files\Common Files"/>
    <property name="java.vm.specification.vendor" value="Oracle Corporation"/>
    <property name="file.separator" value="\"/>
    <property name="java.runtime.version" value="1.8.0_161-b12"/>
    <property name="ProgramFiles" value="C:\Program Files"/>
    <property name="sun.boot.class.path" value="F:\Java\jdk1.8.0_161\jre\lib\resources.jar;F:\Java\jdk1.8.0_161\jre\lib\rt.jar;F:\Java\jdk1.8.0_161\jre\lib\sunrsasign.jar;F:\Java\jdk1.8.0_161\jre\lib\jsse.jar;F:\Java\jdk1.8.0_161\jre\lib\jce.jar;F:\Java\jdk1.8.0_161\jre\lib\charsets.jar;F:\Java\jdk1.8.0_161\jre\lib\jfr.jar;F:\Java\jdk1.8.0_161\jre\classes"/>
    <property name="PATH+JDK" value="F:\Java\jdk1.8.0_161/bin"/>
    <property name="user.country" value="CN"/>
    <property name="POM_PACKAGING" value="jar"/>
    <property name="maven.home" value="F:\Maven\apache-maven-3.6.1"/>
    <property name="JOB_BASE_NAME" value="SeleniumOcean"/>
    <property name="java.vendor" value="Oracle Corporation"/>
    <property name="java.specification.version" value="1.8"/>
    <property name="POM_DISPLAYNAME" value="oceanproject"/>
    <property name="sun.arch.data.model" value="64"/>
  </properties>
  <testcase name="LoginTest" classname="TestCase.LoginTest" time="8.852"/>
  <testcase name="searchTest" classname="TestCase.SearchTest" time="4.333">
    <failure message="断言失败java.lang.AssertionError: expected [百度首页] but found [百度首页1]" type="java.lang.AssertionError">java.lang.AssertionError: 断言失败java.lang.AssertionError: expected [百度首页] but found [百度首页1]
	at TestCase.SearchTest.searchTest(SearchTest.java:40)
</failure>
    <system-out><![CDATA[*** Running test method searchTest...
*** Test execution searchTest failed...
]]></system-out>
    <system-err><![CDATA[Starting ChromeDriver 91.0.4472.101 (af52a90bf87030dd1523486a1cd3ae25c5d76c9b-refs/branch-heads/4472@{#1462}) on port 12348
Only local connections are allowed.
Please see https://chromedriver.chromium.org/security-considerations for suggestions on keeping ChromeDriver safe.
ChromeDriver was started successfully.
Jul 12, 2021 2:51:38 PM org.openqa.selenium.remote.ProtocolHandshake createSession
INFO: Detected dialect: W3C
]]></system-err>
  </testcase>
</testsuite>