<?xml version="1.0" encoding="UTF-8"?>
<!-- Generated by org.testng.reporters.JUnitReportReporter -->
<testsuite skipped="0" hostname="bea" name="TestCase.LoginTest" tests="1" failures="0" timestamp="2021-07-12T14:51:47 CST" time="8.981" errors="0">
  <testcase name="LoginTest" time="8.981" classname="TestCase.LoginTest"/>
  <system-out/>
</testsuite> <!-- TestCase.LoginTest -->
